Using pre-set license
Built from '2020.2/release' branch; Version is '2020.2.2f1 (068178b99f32) revision 426360'; Using compiler version '192528614'; Build Type 'Release'
OS: 'Windows 10 Home; OS build 19042.928; Version 2009; 64bit' Language: 'en' Physical Memory: 16225 MB
BatchMode: 1, IsHumanControllingUs: 0, StartBugReporterOnCrash: 0, Is64bit: 1, IsPro: 0

 COMMAND LINE ARGUMENTS:
C:\Program Files\Unity\Hub\Editor\2020.2.2f1\Editor\Unity.exe
-adb2
-batchMode
-noUpm
-name
AssetImportWorker0
-projectPath
C:/School/SeniorDesign/BattleshipGame
-logFile
Logs/AssetImportWorker0.log
-srvPort
49835
Successfully changed project path to: C:/School/SeniorDesign/BattleshipGame
C:/School/SeniorDesign/BattleshipGame
Using Asset Import Pipeline V2.
Refreshing native plugins compatible for Editor in 255.55 ms, found 1 plugins.
Preloading 0 native plugins for Editor in 0.00 ms.
Initialize engine version: 2020.2.2f1 (068178b99f32)
[Subsystems] Discovering subsystems at path C:/Program Files/Unity/Hub/Editor/2020.2.2f1/Editor/Data/Resources/UnitySubsystems
[Subsystems] Discovering subsystems at path C:/School/SeniorDesign/BattleshipGame/Assets
GfxDevice: creating device client; threaded=0
Direct3D:
    Version:  Direct3D 11.0 [level 11.1]
    Renderer: Radeon RX Vega M GL Graphics (ID=0x694e)
    Vendor:   
    VRAM:     4042 MB
    Driver:   23.20.792.1024
Initialize mono
Mono path[0] = 'C:/Program Files/Unity/Hub/Editor/2020.2.2f1/Editor/Data/Managed'
Mono path[1] = 'C:/Program Files/Unity/Hub/Editor/2020.2.2f1/Editor/Data/MonoBleedingEdge/lib/mono/unityjit'
Mono config path = 'C:/Program Files/Unity/Hub/Editor/2020.2.2f1/Editor/Data/MonoBleedingEdge/etc'
Using monoOptions --debugger-agent=transport=dt_socket,embedding=1,server=y,suspend=n,address=127.0.0.1:56272
Begin MonoManager ReloadAssembly
Registering precompiled unity dll's ...
Register platform support module: C:/Program Files/Unity/Hub/Editor/2020.2.2f1/Editor/Data/PlaybackEngines/WindowsStandaloneSupport/UnityEditor.WindowsStandalone.Extensions.dll
Registered in 0.134028 seconds.
Native extension for WindowsStandalone target not found
Refreshing native plugins compatible for Editor in 53.64 ms, found 1 plugins.
Preloading 0 native plugins for Editor in 0.00 ms.
Invoked RoslynAnalysisRunner static constructor.
RoslynAnalysisRunner will not be running.
RoslynAnalysisRunner has terminated.
Mono: successfully reloaded assembly
- Completed reload, in  5.769 seconds
Platform modules already initialized, skipping
Registering precompiled user dll's ...
Registered in 0.098218 seconds.
Begin MonoManager ReloadAssembly
Error: Could not load signature of Unity.Android.Logcat.AndroidLogcat:.ctor due to: Could not load file or assembly 'UnityEditor.Android.Extensions, Version=1.0.0.0, Culture=neutral, PublicKeyToken=null' or one of its dependencies. assembly:UnityEditor.Android.Extensions, Version=1.0.0.0, Culture=neutral, PublicKeyToken=null type:<unknown type> member:(null) signature:<none>
0x00007ff6c069f02c (Unity) StackWalker::GetCurrentCallstack
0x00007ff6c06a7409 (Unity) StackWalker::ShowCallstack
0x00007ff6c1b6fafc (Unity) GetStacktrace
0x00007ff6c2c4af63 (Unity) DebugStringToFile
0x00007ff6c04c59eb (Unity) ScanForAttributesAndInterfaceImplementations
0x00007ff6c04d8dba (Unity) MonoManager::EndReloadAssembly
0x00007ff6c04dffe9 (Unity) MonoManager::ReloadAssembly
0x00007ff6c187a2a1 (Unity) LoadDomainAndUserAssemblies
0x00007ff6c187a74e (Unity) LoadUserAssemblies
0x00007ff6c1207ee1 (Unity) Application::InitializeProject
0x00007ff6c1b7d0b2 (Unity) WinMain
0x00007ff6c39e0c66 (Unity) __scrt_common_main_seh
0x00007ffce52f7034 (KERNEL32) BaseThreadInitThunk
0x00007ffce62e2651 (ntdll) RtlUserThreadStart

Unloading broken assembly Library/ScriptAssemblies/Unity.Mobile.AndroidLogcat.Editor.dll, this assembly can cause crashes in the runtime
0x00007ff6c069f02c (Unity) StackWalker::GetCurrentCallstack
0x00007ff6c06a7409 (Unity) StackWalker::ShowCallstack
0x00007ff6c1b6fafc (Unity) GetStacktrace
0x00007ff6c2c4af63 (Unity) DebugStringToFile
0x00007ff6c04e1b39 (Unity) MonoManager::SetupLoadedEditorAssemblies
0x00007ff6c04d910c (Unity) MonoManager::EndReloadAssembly
0x00007ff6c04dffe9 (Unity) MonoManager::ReloadAssembly
0x00007ff6c187a2a1 (Unity) LoadDomainAndUserAssemblies
0x00007ff6c187a74e (Unity) LoadUserAssemblies
0x00007ff6c1207ee1 (Unity) Application::InitializeProject
0x00007ff6c1b7d0b2 (Unity) WinMain
0x00007ff6c39e0c66 (Unity) __scrt_common_main_seh
0x00007ffce52f7034 (KERNEL32) BaseThreadInitThunk
0x00007ffce62e2651 (ntdll) RtlUserThreadStart

Native extension for WindowsStandalone target not found
Refreshing native plugins compatible for Editor in 53.92 ms, found 1 plugins.
Preloading 0 native plugins for Editor in 0.00 ms.
Invoked RoslynAnalysisRunner static constructor.
RoslynAnalysisRunner will not be running.
RoslynAnalysisRunner has terminated.
Mono: successfully reloaded assembly
- Completed reload, in  4.321 seconds
Platform modules already initialized, skipping
========================================================================
Worker process is ready to serve import requests
Launched and connected shader compiler UnityShaderCompiler.exe after 0.11 seconds
Refreshing native plugins compatible for Editor in 1.16 ms, found 1 plugins.
Preloading 0 native plugins for Editor in 0.00 ms.
Unloading 1949 Unused Serialized files (Serialized files now loaded: 0)
System memory in use before: 91.3 MB.
System memory in use after: 91.4 MB.

Unloading 33 unused Assets to reduce memory usage. Loaded Objects now: 2390.
Total: 2.441700 ms (FindLiveObjects: 0.257200 ms CreateObjectMapping: 0.151700 ms MarkObjects: 1.954100 ms  DeleteObjects: 0.077300 ms)

========================================================================
Received Import Request.
  path: Assets/Scenes/FixBoatMinigame.unity
  artifactKey: Guid(edecb1b1dc86e3e42bd332a069c11acd) Importer(815301076,1909f56bfc062723c751e8b465ee728b)
Start importing Assets/Scenes/FixBoatMinigame.unity using Guid(edecb1b1dc86e3e42bd332a069c11acd) Importer(815301076,1909f56bfc062723c751e8b465ee728b)  -> (artifact id: '99931f845866da2d2922dc4edee84bd2') in 0.018592 seconds
  Import took 0.023336 seconds .

========================================================================
Received Import Request.
  Time since last request: 0.000393 seconds.
  path: Assets/Scenes/CannonMinigame.unity
  artifactKey: Guid(a558f9d7d13a1a54d88c71f450381ed1) Importer(815301076,1909f56bfc062723c751e8b465ee728b)
Start importing Assets/Scenes/CannonMinigame.unity using Guid(a558f9d7d13a1a54d88c71f450381ed1) Importer(815301076,1909f56bfc062723c751e8b465ee728b)  -> (artifact id: '00161a6e3ac5d4b3887d388ad378651e') in 0.009406 seconds
  Import took 0.012894 seconds .

========================================================================
Received Import Request.
  Time since last request: 0.000280 seconds.
  path: Assets/Scenes/CreateScreen.unity
  artifactKey: Guid(f3e3ae19b6ac4604e9eead0a8a6c73bd) Importer(815301076,1909f56bfc062723c751e8b465ee728b)
Start importing Assets/Scenes/CreateScreen.unity using Guid(f3e3ae19b6ac4604e9eead0a8a6c73bd) Importer(815301076,1909f56bfc062723c751e8b465ee728b)  -> (artifact id: '579f5bbad075271788bf693f2a29fb33') in 0.009517 seconds
  Import took 0.014460 seconds .

========================================================================
Received Import Request.
  Time since last request: 7.055050 seconds.
  path: Assets/Scenes/HackingMinigame.unity
  artifactKey: Guid(687996e21cc1bb644a624c07041a7afa) Importer(815301076,1909f56bfc062723c751e8b465ee728b)
Start importing Assets/Scenes/HackingMinigame.unity using Guid(687996e21cc1bb644a624c07041a7afa) Importer(815301076,1909f56bfc062723c751e8b465ee728b)  -> (artifact id: 'f3cb62888580cb828d3e222722e65f96') in 0.013238 seconds
  Import took 0.016693 seconds .

========================================================================
Received Import Request.
  Time since last request: 8.793822 seconds.
  path: Assets/Scenes/LoginScreen.unity
  artifactKey: Guid(d19c17d252fddac4ea56f9301145bc62) Importer(815301076,1909f56bfc062723c751e8b465ee728b)
Start importing Assets/Scenes/LoginScreen.unity using Guid(d19c17d252fddac4ea56f9301145bc62) Importer(815301076,1909f56bfc062723c751e8b465ee728b)  -> (artifact id: 'd3318d012d7e957a2cbbb33e1a81d751') in 0.011195 seconds
  Import took 0.015041 seconds .

========================================================================
Received Import Request.
  Time since last request: 2.559928 seconds.
  path: Assets/Scenes/MissleMinigame.unity
  artifactKey: Guid(1e53e022bf4300c4bab89f8d09ec0a8a) Importer(815301076,1909f56bfc062723c751e8b465ee728b)
Start importing Assets/Scenes/MissleMinigame.unity using Guid(1e53e022bf4300c4bab89f8d09ec0a8a) Importer(815301076,1909f56bfc062723c751e8b465ee728b)  -> (artifact id: '28a1aef51f6e7b4266caf53e718e7e27') in 0.011090 seconds
  Import took 0.014798 seconds .

========================================================================
Received Import Request.
  Time since last request: 3.160660 seconds.
  path: Assets/Scenes/NavigationMinigame.unity
  artifactKey: Guid(17d2ed2e3c1dfe041ae912c1eab67a57) Importer(815301076,1909f56bfc062723c751e8b465ee728b)
Start importing Assets/Scenes/NavigationMinigame.unity using Guid(17d2ed2e3c1dfe041ae912c1eab67a57) Importer(815301076,1909f56bfc062723c751e8b465ee728b)  -> (artifact id: '043da59458f3c7e51ba4bd4589a54763') in 0.010340 seconds
  Import took 0.014287 seconds .

========================================================================
Received Import Request.
  Time since last request: 2.252031 seconds.
  path: Assets/Scenes/radarRepairGuessGame.unity
  artifactKey: Guid(65ef781174391a845b7320896031a09b) Importer(815301076,1909f56bfc062723c751e8b465ee728b)
Start importing Assets/Scenes/radarRepairGuessGame.unity using Guid(65ef781174391a845b7320896031a09b) Importer(815301076,1909f56bfc062723c751e8b465ee728b)  -> (artifact id: '58fdeea5703ae08d5e82cb7d2bfb15b4') in 0.011376 seconds
  Import took 0.014869 seconds .

========================================================================
Received Prepare
Registering precompiled user dll's ...
Registered in 0.004673 seconds.
Begin MonoManager ReloadAssembly
Error: Could not load signature of Unity.Android.Logcat.AndroidLogcat:.ctor due to: Could not load file or assembly 'UnityEditor.Android.Extensions, Version=1.0.0.0, Culture=neutral, PublicKeyToken=null' or one of its dependencies. assembly:UnityEditor.Android.Extensions, Version=1.0.0.0, Culture=neutral, PublicKeyToken=null type:<unknown type> member:(null) signature:<none>
0x00007ff6c069f02c (Unity) StackWalker::GetCurrentCallstack
0x00007ff6c06a7409 (Unity) StackWalker::ShowCallstack
0x00007ff6c1b6fafc (Unity) GetStacktrace
0x00007ff6c2c4af63 (Unity) DebugStringToFile
0x00007ff6c04c59eb (Unity) ScanForAttributesAndInterfaceImplementations
0x00007ff6c04d8dba (Unity) MonoManager::EndReloadAssembly
0x00007ff6c04dffe9 (Unity) MonoManager::ReloadAssembly
0x00007ff6c187a2a1 (Unity) LoadDomainAndUserAssemblies
0x00007ff6c187a74e (Unity) LoadUserAssemblies
0x00007ff6c1ca39e9 (Unity) <lambda_fe9441f73272b7bdb4fc543a788e7929>::operator()
0x00007ff6c1d6dd82 (Unity) asio::detail::completion_handler<core::mutable_function<void __cdecl(void)> >::do_complete
0x00007ff6c1d6fee0 (Unity) asio::detail::win_iocp_io_service::do_one
0x00007ff6c1d7366e (Unity) asio::io_service::run
0x00007ff6c1ce9ba0 (Unity) RunAssetImportWorkerClientV2
0x00007ff6c1ce9bf0 (Unity) RunAssetImporterV2
0x00007ff6c1207ee6 (Unity) Application::InitializeProject
0x00007ff6c1b7d0b2 (Unity) WinMain
0x00007ff6c39e0c66 (Unity) __scrt_common_main_seh
0x00007ffce52f7034 (KERNEL32) BaseThreadInitThunk
0x00007ffce62e2651 (ntdll) RtlUserThreadStart

Unloading broken assembly Library/ScriptAssemblies/Unity.Mobile.AndroidLogcat.Editor.dll, this assembly can cause crashes in the runtime
0x00007ff6c069f02c (Unity) StackWalker::GetCurrentCallstack
0x00007ff6c06a7409 (Unity) StackWalker::ShowCallstack
0x00007ff6c1b6fafc (Unity) GetStacktrace
0x00007ff6c2c4af63 (Unity) DebugStringToFile
0x00007ff6c04e1b39 (Unity) MonoManager::SetupLoadedEditorAssemblies
0x00007ff6c04d910c (Unity) MonoManager::EndReloadAssembly
0x00007ff6c04dffe9 (Unity) MonoManager::ReloadAssembly
0x00007ff6c187a2a1 (Unity) LoadDomainAndUserAssemblies
0x00007ff6c187a74e (Unity) LoadUserAssemblies
0x00007ff6c1ca39e9 (Unity) <lambda_fe9441f73272b7bdb4fc543a788e7929>::operator()
0x00007ff6c1d6dd82 (Unity) asio::detail::completion_handler<core::mutable_function<void __cdecl(void)> >::do_complete
0x00007ff6c1d6fee0 (Unity) asio::detail::win_iocp_io_service::do_one
0x00007ff6c1d7366e (Unity) asio::io_service::run
0x00007ff6c1ce9ba0 (Unity) RunAssetImportWorkerClientV2
0x00007ff6c1ce9bf0 (Unity) RunAssetImporterV2
0x00007ff6c1207ee6 (Unity) Application::InitializeProject
0x00007ff6c1b7d0b2 (Unity) WinMain
0x00007ff6c39e0c66 (Unity) __scrt_common_main_seh
0x00007ffce52f7034 (KERNEL32) BaseThreadInitThunk
0x00007ffce62e2651 (ntdll) RtlUserThreadStart

Native extension for WindowsStandalone target not found
Refreshing native plugins compatible for Editor in 1.94 ms, found 1 plugins.
Preloading 0 native plugins for Editor in 0.00 ms.
Invoked RoslynAnalysisRunner static constructor.
RoslynAnalysisRunner will not be running.
RoslynAnalysisRunner has terminated.
Mono: successfully reloaded assembly
- Completed reload, in  3.108 seconds
Platform modules already initialized, skipping
Switching build target platform(5) subTarget(0) extendedPlatform(0) -> platform(13) subTarget(537395200) extendedPlatform(0)
Refreshing native plugins compatible for Editor in 2.17 ms, found 1 plugins.
Preloading 0 native plugins for Editor in 0.00 ms.
Unloading 1927 Unused Serialized files (Serialized files now loaded: 0)
System memory in use before: 89.5 MB.
System memory in use after: 89.6 MB.

Unloading 21 unused Assets to reduce memory usage. Loaded Objects now: 2393.
Total: 11.062600 ms (FindLiveObjects: 1.977200 ms CreateObjectMapping: 0.918600 ms MarkObjects: 8.005800 ms  DeleteObjects: 0.151100 ms)

AssetImportParameters requested are different than current active one (requested -> active):
  custom:graphics/normal-map-encoding: 01000000000000000000000000000000 -> 02000000000000000000000000000000
========================================================================
Received Prepare
Registering precompiled user dll's ...
Registered in 0.006458 seconds.
Begin MonoManager ReloadAssembly
Error: Could not load signature of Unity.Android.Logcat.AndroidLogcat:.ctor due to: Could not load file or assembly 'UnityEditor.Android.Extensions, Version=1.0.0.0, Culture=neutral, PublicKeyToken=null' or one of its dependencies. assembly:UnityEditor.Android.Extensions, Version=1.0.0.0, Culture=neutral, PublicKeyToken=null type:<unknown type> member:(null) signature:<none>
0x00007ff6c069f02c (Unity) StackWalker::GetCurrentCallstack
0x00007ff6c06a7409 (Unity) StackWalker::ShowCallstack
0x00007ff6c1b6fafc (Unity) GetStacktrace
0x00007ff6c2c4af63 (Unity) DebugStringToFile
0x00007ff6c04c59eb (Unity) ScanForAttributesAndInterfaceImplementations
0x00007ff6c04d8dba (Unity) MonoManager::EndReloadAssembly
0x00007ff6c04dffe9 (Unity) MonoManager::ReloadAssembly
0x00007ff6c187a2a1 (Unity) LoadDomainAndUserAssemblies
0x00007ff6c187a74e (Unity) LoadUserAssemblies
0x00007ff6c1ca39e9 (Unity) <lambda_fe9441f73272b7bdb4fc543a788e7929>::operator()
0x00007ff6c1d6dd82 (Unity) asio::detail::completion_handler<core::mutable_function<void __cdecl(void)> >::do_complete
0x00007ff6c1d6fee0 (Unity) asio::detail::win_iocp_io_service::do_one
0x00007ff6c1d7366e (Unity) asio::io_service::run
0x00007ff6c1ce9ba0 (Unity) RunAssetImportWorkerClientV2
0x00007ff6c1ce9bf0 (Unity) RunAssetImporterV2
0x00007ff6c1207ee6 (Unity) Application::InitializeProject
0x00007ff6c1b7d0b2 (Unity) WinMain
0x00007ff6c39e0c66 (Unity) __scrt_common_main_seh
0x00007ffce52f7034 (KERNEL32) BaseThreadInitThunk
0x00007ffce62e2651 (ntdll) RtlUserThreadStart

Unloading broken assembly Library/ScriptAssemblies/Unity.Mobile.AndroidLogcat.Editor.dll, this assembly can cause crashes in the runtime
0x00007ff6c069f02c (Unity) StackWalker::GetCurrentCallstack
0x00007ff6c06a7409 (Unity) StackWalker::ShowCallstack
0x00007ff6c1b6fafc (Unity) GetStacktrace
0x00007ff6c2c4af63 (Unity) DebugStringToFile
0x00007ff6c04e1b39 (Unity) MonoManager::SetupLoadedEditorAssemblies
0x00007ff6c04d910c (Unity) MonoManager::EndReloadAssembly
0x00007ff6c04dffe9 (Unity) MonoManager::ReloadAssembly
0x00007ff6c187a2a1 (Unity) LoadDomainAndUserAssemblies
0x00007ff6c187a74e (Unity) LoadUserAssemblies
0x00007ff6c1ca39e9 (Unity) <lambda_fe9441f73272b7bdb4fc543a788e7929>::operator()
0x00007ff6c1d6dd82 (Unity) asio::detail::completion_handler<core::mutable_function<void __cdecl(void)> >::do_complete
0x00007ff6c1d6fee0 (Unity) asio::detail::win_iocp_io_service::do_one
0x00007ff6c1d7366e (Unity) asio::io_service::run
0x00007ff6c1ce9ba0 (Unity) RunAssetImportWorkerClientV2
0x00007ff6c1ce9bf0 (Unity) RunAssetImporterV2
0x00007ff6c1207ee6 (Unity) Application::InitializeProject
0x00007ff6c1b7d0b2 (Unity) WinMain
0x00007ff6c39e0c66 (Unity) __scrt_common_main_seh
0x00007ffce52f7034 (KERNEL32) BaseThreadInitThunk
0x00007ffce62e2651 (ntdll) RtlUserThreadStart

Native extension for WindowsStandalone target not found
Refreshing native plugins compatible for Editor in 1.41 ms, found 1 plugins.
Preloading 0 native plugins for Editor in 0.00 ms.
Invoked RoslynAnalysisRunner static constructor.
RoslynAnalysisRunner will not be running.
RoslynAnalysisRunner has terminated.
Mono: successfully reloaded assembly
- Completed reload, in  5.433 seconds
Platform modules already initialized, skipping
Switching build target platform(5) subTarget(0) extendedPlatform(0) -> platform(13) subTarget(537395200) extendedPlatform(0)
Refreshing native plugins compatible for Editor in 1.61 ms, found 1 plugins.
Preloading 0 native plugins for Editor in 0.00 ms.
Unloading 1927 Unused Serialized files (Serialized files now loaded: 0)
System memory in use before: 89.7 MB.
System memory in use after: 89.8 MB.

Unloading 21 unused Assets to reduce memory usage. Loaded Objects now: 2396.
Total: 7.465400 ms (FindLiveObjects: 1.389800 ms CreateObjectMapping: 0.690500 ms MarkObjects: 5.325300 ms  DeleteObjects: 0.054600 ms)

AssetImportParameters requested are different than current active one (requested -> active):
  custom:graphics/normal-map-encoding: 01000000000000000000000000000000 -> 02000000000000000000000000000000
========================================================================
Received Prepare
Refreshing native plugins compatible for Editor in 16.89 ms, found 1 plugins.
Preloading 0 native plugins for Editor in 0.00 ms.
Unloading 19 Unused Serialized files (Serialized files now loaded: 0)
System memory in use before: 52.6 MB.
System memory in use after: 52.7 MB.

Unloading 19 unused Assets to reduce memory usage. Loaded Objects now: 2396.
Total: 9.892300 ms (FindLiveObjects: 1.199300 ms CreateObjectMapping: 0.496800 ms MarkObjects: 8.061600 ms  DeleteObjects: 0.129100 ms)

========================================================================
Received Prepare
Registering precompiled user dll's ...
Registered in 0.003785 seconds.
Begin MonoManager ReloadAssembly
Error: Could not load signature of Unity.Android.Logcat.AndroidLogcat:.ctor due to: Could not load file or assembly 'UnityEditor.Android.Extensions, Version=1.0.0.0, Culture=neutral, PublicKeyToken=null' or one of its dependencies. assembly:UnityEditor.Android.Extensions, Version=1.0.0.0, Culture=neutral, PublicKeyToken=null type:<unknown type> member:(null) signature:<none>
0x00007ff6c069f02c (Unity) StackWalker::GetCurrentCallstack
0x00007ff6c06a7409 (Unity) StackWalker::ShowCallstack
0x00007ff6c1b6fafc (Unity) GetStacktrace
0x00007ff6c2c4af63 (Unity) DebugStringToFile
0x00007ff6c04c59eb (Unity) ScanForAttributesAndInterfaceImplementations
0x00007ff6c04d8dba (Unity) MonoManager::EndReloadAssembly
0x00007ff6c04dffe9 (Unity) MonoManager::ReloadAssembly
0x00007ff6c187a2a1 (Unity) LoadDomainAndUserAssemblies
0x00007ff6c187a74e (Unity) LoadUserAssemblies
0x00007ff6c1ca39e9 (Unity) <lambda_fe9441f73272b7bdb4fc543a788e7929>::operator()
0x00007ff6c1d6dd82 (Unity) asio::detail::completion_handler<core::mutable_function<void __cdecl(void)> >::do_complete
0x00007ff6c1d6fee0 (Unity) asio::detail::win_iocp_io_service::do_one
0x00007ff6c1d7366e (Unity) asio::io_service::run
0x00007ff6c1ce9ba0 (Unity) RunAssetImportWorkerClientV2
0x00007ff6c1ce9bf0 (Unity) RunAssetImporterV2
0x00007ff6c1207ee6 (Unity) Application::InitializeProject
0x00007ff6c1b7d0b2 (Unity) WinMain
0x00007ff6c39e0c66 (Unity) __scrt_common_main_seh
0x00007ffce52f7034 (KERNEL32) BaseThreadInitThunk
0x00007ffce62e2651 (ntdll) RtlUserThreadStart

Unloading broken assembly Library/ScriptAssemblies/Unity.Mobile.AndroidLogcat.Editor.dll, this assembly can cause crashes in the runtime
0x00007ff6c069f02c (Unity) StackWalker::GetCurrentCallstack
0x00007ff6c06a7409 (Unity) StackWalker::ShowCallstack
0x00007ff6c1b6fafc (Unity) GetStacktrace
0x00007ff6c2c4af63 (Unity) DebugStringToFile
0x00007ff6c04e1b39 (Unity) MonoManager::SetupLoadedEditorAssemblies
0x00007ff6c04d910c (Unity) MonoManager::EndReloadAssembly
0x00007ff6c04dffe9 (Unity) MonoManager::ReloadAssembly
0x00007ff6c187a2a1 (Unity) LoadDomainAndUserAssemblies
0x00007ff6c187a74e (Unity) LoadUserAssemblies
0x00007ff6c1ca39e9 (Unity) <lambda_fe9441f73272b7bdb4fc543a788e7929>::operator()
0x00007ff6c1d6dd82 (Unity) asio::detail::completion_handler<core::mutable_function<void __cdecl(void)> >::do_complete
0x00007ff6c1d6fee0 (Unity) asio::detail::win_iocp_io_service::do_one
0x00007ff6c1d7366e (Unity) asio::io_service::run
0x00007ff6c1ce9ba0 (Unity) RunAssetImportWorkerClientV2
0x00007ff6c1ce9bf0 (Unity) RunAssetImporterV2
0x00007ff6c1207ee6 (Unity) Application::InitializeProject
0x00007ff6c1b7d0b2 (Unity) WinMain
0x00007ff6c39e0c66 (Unity) __scrt_common_main_seh
0x00007ffce52f7034 (KERNEL32) BaseThreadInitThunk
0x00007ffce62e2651 (ntdll) RtlUserThreadStart

Native extension for WindowsStandalone target not found
Refreshing native plugins compatible for Editor in 2.91 ms, found 1 plugins.
Preloading 0 native plugins for Editor in 0.00 ms.
Invoked RoslynAnalysisRunner static constructor.
RoslynAnalysisRunner will not be running.
RoslynAnalysisRunner has terminated.
Mono: successfully reloaded assembly
- Completed reload, in  4.708 seconds
Platform modules already initialized, skipping
Switching build target platform(5) subTarget(0) extendedPlatform(0) -> platform(13) subTarget(537395200) extendedPlatform(0)
Refreshing native plugins compatible for Editor in 1.67 ms, found 1 plugins.
Preloading 0 native plugins for Editor in 0.00 ms.
Unloading 1927 Unused Serialized files (Serialized files now loaded: 0)
System memory in use before: 90.0 MB.
System memory in use after: 90.2 MB.

Unloading 21 unused Assets to reduce memory usage. Loaded Objects now: 2399.
Total: 16.665200 ms (FindLiveObjects: 3.395900 ms CreateObjectMapping: 2.608500 ms MarkObjects: 10.508100 ms  DeleteObjects: 0.145800 ms)

AssetImportParameters requested are different than current active one (requested -> active):
  custom:graphics/normal-map-encoding: 01000000000000000000000000000000 -> 02000000000000000000000000000000
========================================================================
Received Prepare
Registering precompiled user dll's ...
Registered in 0.092693 seconds.
Begin MonoManager ReloadAssembly
Error: Could not load signature of Unity.Android.Logcat.AndroidLogcat:.ctor due to: Could not load file or assembly 'UnityEditor.Android.Extensions, Version=1.0.0.0, Culture=neutral, PublicKeyToken=null' or one of its dependencies. assembly:UnityEditor.Android.Extensions, Version=1.0.0.0, Culture=neutral, PublicKeyToken=null type:<unknown type> member:(null) signature:<none>
0x00007ff6c069f02c (Unity) StackWalker::GetCurrentCallstack
0x00007ff6c06a7409 (Unity) StackWalker::ShowCallstack
0x00007ff6c1b6fafc (Unity) GetStacktrace
0x00007ff6c2c4af63 (Unity) DebugStringToFile
0x00007ff6c04c59eb (Unity) ScanForAttributesAndInterfaceImplementations
0x00007ff6c04d8dba (Unity) MonoManager::EndReloadAssembly
0x00007ff6c04dffe9 (Unity) MonoManager::ReloadAssembly
0x00007ff6c187a2a1 (Unity) LoadDomainAndUserAssemblies
0x00007ff6c187a74e (Unity) LoadUserAssemblies
0x00007ff6c1ca39e9 (Unity) <lambda_fe9441f73272b7bdb4fc543a788e7929>::operator()
0x00007ff6c1d6dd82 (Unity) asio::detail::completion_handler<core::mutable_function<void __cdecl(void)> >::do_complete
0x00007ff6c1d6fee0 (Unity) asio::detail::win_iocp_io_service::do_one
0x00007ff6c1d7366e (Unity) asio::io_service::run
0x00007ff6c1ce9ba0 (Unity) RunAssetImportWorkerClientV2
0x00007ff6c1ce9bf0 (Unity) RunAssetImporterV2
0x00007ff6c1207ee6 (Unity) Application::InitializeProject
0x00007ff6c1b7d0b2 (Unity) WinMain
0x00007ff6c39e0c66 (Unity) __scrt_common_main_seh
0x00007ffce52f7034 (KERNEL32) BaseThreadInitThunk
0x00007ffce62e2651 (ntdll) RtlUserThreadStart

Unloading broken assembly Library/ScriptAssemblies/Unity.Mobile.AndroidLogcat.Editor.dll, this assembly can cause crashes in the runtime
0x00007ff6c069f02c (Unity) StackWalker::GetCurrentCallstack
0x00007ff6c06a7409 (Unity) StackWalker::ShowCallstack
0x00007ff6c1b6fafc (Unity) GetStacktrace
0x00007ff6c2c4af63 (Unity) DebugStringToFile
0x00007ff6c04e1b39 (Unity) MonoManager::SetupLoadedEditorAssemblies
0x00007ff6c04d910c (Unity) MonoManager::EndReloadAssembly
0x00007ff6c04dffe9 (Unity) MonoManager::ReloadAssembly
0x00007ff6c187a2a1 (Unity) LoadDomainAndUserAssemblies
0x00007ff6c187a74e (Unity) LoadUserAssemblies
0x00007ff6c1ca39e9 (Unity) <lambda_fe9441f73272b7bdb4fc543a788e7929>::operator()
0x00007ff6c1d6dd82 (Unity) asio::detail::completion_handler<core::mutable_function<void __cdecl(void)> >::do_complete
0x00007ff6c1d6fee0 (Unity) asio::detail::win_iocp_io_service::do_one
0x00007ff6c1d7366e (Unity) asio::io_service::run
0x00007ff6c1ce9ba0 (Unity) RunAssetImportWorkerClientV2
0x00007ff6c1ce9bf0 (Unity) RunAssetImporterV2
0x00007ff6c1207ee6 (Unity) Application::InitializeProject
0x00007ff6c1b7d0b2 (Unity) WinMain
0x00007ff6c39e0c66 (Unity) __scrt_common_main_seh
0x00007ffce52f7034 (KERNEL32) BaseThreadInitThunk
0x00007ffce62e2651 (ntdll) RtlUserThreadStart

Native extension for WindowsStandalone target not found
Refreshing native plugins compatible for Editor in 1.02 ms, found 1 plugins.
Preloading 0 native plugins for Editor in 0.00 ms.
Invoked RoslynAnalysisRunner static constructor.
RoslynAnalysisRunner will not be running.
RoslynAnalysisRunner has terminated.
Mono: successfully reloaded assembly
- Completed reload, in  2.676 seconds
Platform modules already initialized, skipping
Switching build target platform(5) subTarget(0) extendedPlatform(0) -> platform(13) subTarget(537395200) extendedPlatform(0)
Refreshing native plugins compatible for Editor in 1.13 ms, found 1 plugins.
Preloading 0 native plugins for Editor in 0.00 ms.
Unloading 1927 Unused Serialized files (Serialized files now loaded: 0)
System memory in use before: 90.1 MB.
System memory in use after: 90.2 MB.

Unloading 21 unused Assets to reduce memory usage. Loaded Objects now: 2402.
Total: 4.277500 ms (FindLiveObjects: 0.641100 ms CreateObjectMapping: 0.283200 ms MarkObjects: 3.299700 ms  DeleteObjects: 0.050900 ms)

AssetImportParameters requested are different than current active one (requested -> active):
  custom:graphics/normal-map-encoding: 01000000000000000000000000000000 -> 02000000000000000000000000000000
========================================================================
Received Prepare
Registering precompiled user dll's ...
Registered in 0.003179 seconds.
Begin MonoManager ReloadAssembly
Error: Could not load signature of Unity.Android.Logcat.AndroidLogcat:.ctor due to: Could not load file or assembly 'UnityEditor.Android.Extensions, Version=1.0.0.0, Culture=neutral, PublicKeyToken=null' or one of its dependencies. assembly:UnityEditor.Android.Extensions, Version=1.0.0.0, Culture=neutral, PublicKeyToken=null type:<unknown type> member:(null) signature:<none>
0x00007ff6c069f02c (Unity) StackWalker::GetCurrentCallstack
0x00007ff6c06a7409 (Unity) StackWalker::ShowCallstack
0x00007ff6c1b6fafc (Unity) GetStacktrace
0x00007ff6c2c4af63 (Unity) DebugStringToFile
0x00007ff6c04c59eb (Unity) ScanForAttributesAndInterfaceImplementations
0x00007ff6c04d8dba (Unity) MonoManager::EndReloadAssembly
0x00007ff6c04dffe9 (Unity) MonoManager::ReloadAssembly
0x00007ff6c187a2a1 (Unity) LoadDomainAndUserAssemblies
0x00007ff6c187a74e (Unity) LoadUserAssemblies
0x00007ff6c1ca39e9 (Unity) <lambda_fe9441f73272b7bdb4fc543a788e7929>::operator()
0x00007ff6c1d6dd82 (Unity) asio::detail::completion_handler<core::mutable_function<void __cdecl(void)> >::do_complete
0x00007ff6c1d6fee0 (Unity) asio::detail::win_iocp_io_service::do_one
0x00007ff6c1d7366e (Unity) asio::io_service::run
0x00007ff6c1ce9ba0 (Unity) RunAssetImportWorkerClientV2
0x00007ff6c1ce9bf0 (Unity) RunAssetImporterV2
0x00007ff6c1207ee6 (Unity) Application::InitializeProject
0x00007ff6c1b7d0b2 (Unity) WinMain
0x00007ff6c39e0c66 (Unity) __scrt_common_main_seh
0x00007ffce52f7034 (KERNEL32) BaseThreadInitThunk
0x00007ffce62e2651 (ntdll) RtlUserThreadStart

Unloading broken assembly Library/ScriptAssemblies/Unity.Mobile.AndroidLogcat.Editor.dll, this assembly can cause crashes in the runtime
0x00007ff6c069f02c (Unity) StackWalker::GetCurrentCallstack
0x00007ff6c06a7409 (Unity) StackWalker::ShowCallstack
0x00007ff6c1b6fafc (Unity) GetStacktrace
0x00007ff6c2c4af63 (Unity) DebugStringToFile
0x00007ff6c04e1b39 (Unity) MonoManager::SetupLoadedEditorAssemblies
0x00007ff6c04d910c (Unity) MonoManager::EndReloadAssembly
0x00007ff6c04dffe9 (Unity) MonoManager::ReloadAssembly
0x00007ff6c187a2a1 (Unity) LoadDomainAndUserAssemblies
0x00007ff6c187a74e (Unity) LoadUserAssemblies
0x00007ff6c1ca39e9 (Unity) <lambda_fe9441f73272b7bdb4fc543a788e7929>::operator()
0x00007ff6c1d6dd82 (Unity) asio::detail::completion_handler<core::mutable_function<void __cdecl(void)> >::do_complete
0x00007ff6c1d6fee0 (Unity) asio::detail::win_iocp_io_service::do_one
0x00007ff6c1d7366e (Unity) asio::io_service::run
0x00007ff6c1ce9ba0 (Unity) RunAssetImportWorkerClientV2
0x00007ff6c1ce9bf0 (Unity) RunAssetImporterV2
0x00007ff6c1207ee6 (Unity) Application::InitializeProject
0x00007ff6c1b7d0b2 (Unity) WinMain
0x00007ff6c39e0c66 (Unity) __scrt_common_main_seh
0x00007ffce52f7034 (KERNEL32) BaseThreadInitThunk
0x00007ffce62e2651 (ntdll) RtlUserThreadStart

Native extension for WindowsStandalone target not found
Refreshing native plugins compatible for Editor in 0.80 ms, found 1 plugins.
Preloading 0 native plugins for Editor in 0.00 ms.
Invoked RoslynAnalysisRunner static constructor.
RoslynAnalysisRunner will not be running.
RoslynAnalysisRunner has terminated.
Mono: successfully reloaded assembly
- Completed reload, in  1.722 seconds
Platform modules already initialized, skipping
Switching build target platform(5) subTarget(0) extendedPlatform(0) -> platform(13) subTarget(537395200) extendedPlatform(0)
Refreshing native plugins compatible for Editor in 0.82 ms, found 1 plugins.
Preloading 0 native plugins for Editor in 0.00 ms.
Unloading 1927 Unused Serialized files (Serialized files now loaded: 0)
System memory in use before: 90.2 MB.
System memory in use after: 90.3 MB.

Unloading 21 unused Assets to reduce memory usage. Loaded Objects now: 2405.
Total: 6.163900 ms (FindLiveObjects: 0.428700 ms CreateObjectMapping: 0.342700 ms MarkObjects: 5.327700 ms  DeleteObjects: 0.062200 ms)

AssetImportParameters requested are different than current active one (requested -> active):
  custom:graphics/normal-map-encoding: 01000000000000000000000000000000 -> 02000000000000000000000000000000
========================================================================
Received Prepare
Registering precompiled user dll's ...
Registered in 0.005352 seconds.
Begin MonoManager ReloadAssembly
Error: Could not load signature of Unity.Android.Logcat.AndroidLogcat:.ctor due to: Could not load file or assembly 'UnityEditor.Android.Extensions, Version=1.0.0.0, Culture=neutral, PublicKeyToken=null' or one of its dependencies. assembly:UnityEditor.Android.Extensions, Version=1.0.0.0, Culture=neutral, PublicKeyToken=null type:<unknown type> member:(null) signature:<none>
0x00007ff6c069f02c (Unity) StackWalker::GetCurrentCallstack
0x00007ff6c06a7409 (Unity) StackWalker::ShowCallstack
0x00007ff6c1b6fafc (Unity) GetStacktrace
0x00007ff6c2c4af63 (Unity) DebugStringToFile
0x00007ff6c04c59eb (Unity) ScanForAttributesAndInterfaceImplementations
0x00007ff6c04d8dba (Unity) MonoManager::EndReloadAssembly
0x00007ff6c04dffe9 (Unity) MonoManager::ReloadAssembly
0x00007ff6c187a2a1 (Unity) LoadDomainAndUserAssemblies
0x00007ff6c187a74e (Unity) LoadUserAssemblies
0x00007ff6c1ca39e9 (Unity) <lambda_fe9441f73272b7bdb4fc543a788e7929>::operator()
0x00007ff6c1d6dd82 (Unity) asio::detail::completion_handler<core::mutable_function<void __cdecl(void)> >::do_complete
0x00007ff6c1d6fee0 (Unity) asio::detail::win_iocp_io_service::do_one
0x00007ff6c1d7366e (Unity) asio::io_service::run
0x00007ff6c1ce9ba0 (Unity) RunAssetImportWorkerClientV2
0x00007ff6c1ce9bf0 (Unity) RunAssetImporterV2
0x00007ff6c1207ee6 (Unity) Application::InitializeProject
0x00007ff6c1b7d0b2 (Unity) WinMain
0x00007ff6c39e0c66 (Unity) __scrt_common_main_seh
0x00007ffce52f7034 (KERNEL32) BaseThreadInitThunk
0x00007ffce62e2651 (ntdll) RtlUserThreadStart

Unloading broken assembly Library/ScriptAssemblies/Unity.Mobile.AndroidLogcat.Editor.dll, this assembly can cause crashes in the runtime
0x00007ff6c069f02c (Unity) StackWalker::GetCurrentCallstack
0x00007ff6c06a7409 (Unity) StackWalker::ShowCallstack
0x00007ff6c1b6fafc (Unity) GetStacktrace
0x00007ff6c2c4af63 (Unity) DebugStringToFile
0x00007ff6c04e1b39 (Unity) MonoManager::SetupLoadedEditorAssemblies
0x00007ff6c04d910c (Unity) MonoManager::EndReloadAssembly
0x00007ff6c04dffe9 (Unity) MonoManager::ReloadAssembly
0x00007ff6c187a2a1 (Unity) LoadDomainAndUserAssemblies
0x00007ff6c187a74e (Unity) LoadUserAssemblies
0x00007ff6c1ca39e9 (Unity) <lambda_fe9441f73272b7bdb4fc543a788e7929>::operator()
0x00007ff6c1d6dd82 (Unity) asio::detail::completion_handler<core::mutable_function<void __cdecl(void)> >::do_complete
0x00007ff6c1d6fee0 (Unity) asio::detail::win_iocp_io_service::do_one
0x00007ff6c1d7366e (Unity) asio::io_service::run
0x00007ff6c1ce9ba0 (Unity) RunAssetImportWorkerClientV2
0x00007ff6c1ce9bf0 (Unity) RunAssetImporterV2
0x00007ff6c1207ee6 (Unity) Application::InitializeProject
0x00007ff6c1b7d0b2 (Unity) WinMain
0x00007ff6c39e0c66 (Unity) __scrt_common_main_seh
0x00007ffce52f7034 (KERNEL32) BaseThreadInitThunk
0x00007ffce62e2651 (ntdll) RtlUserThreadStart

Native extension for WindowsStandalone target not found
Refreshing native plugins compatible for Editor in 1.04 ms, found 1 plugins.
Preloading 0 native plugins for Editor in 0.00 ms.
Invoked RoslynAnalysisRunner static constructor.
RoslynAnalysisRunner will not be running.
RoslynAnalysisRunner has terminated.
Mono: successfully reloaded assembly
- Completed reload, in  2.626 seconds
Platform modules already initialized, skipping
Switching build target platform(5) subTarget(0) extendedPlatform(0) -> platform(13) subTarget(537395200) extendedPlatform(0)
Refreshing native plugins compatible for Editor in 1.03 ms, found 1 plugins.
Preloading 0 native plugins for Editor in 0.00 ms.
Unloading 1927 Unused Serialized files (Serialized files now loaded: 0)
System memory in use before: 90.3 MB.
System memory in use after: 90.4 MB.

Unloading 21 unused Assets to reduce memory usage. Loaded Objects now: 2408.
Total: 3.838900 ms (FindLiveObjects: 0.459700 ms CreateObjectMapping: 0.246500 ms MarkObjects: 3.097700 ms  DeleteObjects: 0.032600 ms)

AssetImportParameters requested are different than current active one (requested -> active):
  custom:graphics/normal-map-encoding: 01000000000000000000000000000000 -> 02000000000000000000000000000000
